<?xml version="1.0" encoding="UTF-8"?>
<testsuite xmlns:xsi="http://www.w3.org/2001/XMLSchema-instance" xsi:noNamespaceSchemaLocation="https://maven.apache.org/surefire/maven-surefire-plugin/xsd/surefire-test-report.xsd" name="com.sxt.SpringbootCangkuApplicationTests" time="0.048" tests="3" errors="3" skipped="0" failures="0">
  <properties>
    <property name="sun.desktop" value="windows"/>
    <property name="awt.toolkit" value="sun.awt.windows.WToolkit"/>
    <property name="file.encoding.pkg" value="sun.io"/>
    <property name="java.specification.version" value="1.8"/>
    <property name="sun.cpu.isalist" value="amd64"/>
    <property name="sun.jnu.encoding" value="GBK"/>
    <property name="java.class.path" value="D:\IdeaProjects\springboot-cangku\target\test-classes;D:\IdeaProjects\springboot-cangku\target\classes;D:\Java_work\maven_work\RepMaven\org\springframework\boot\spring-boot-starter-aop\2.1.8.RELEASE\spring-boot-starter-aop-2.1.8.RELEASE.jar;D:\Java_work\maven_work\RepMaven\org\springframework\boot\spring-boot-starter\2.1.8.RELEASE\spring-boot-starter-2.1.8.RELEASE.jar;D:\Java_work\maven_work\RepMaven\org\springframework\boot\spring-boot-starter-logging\2.1.8.RELEASE\spring-boot-starter-logging-2.1.8.RELEASE.jar;D:\Java_work\maven_work\RepMaven\ch\qos\logback\logback-classic\1.2.3\logback-classic-1.2.3.jar;D:\Java_work\maven_work\RepMaven\ch\qos\logback\logback-core\1.2.3\logback-core-1.2.3.jar;D:\Java_work\maven_work\RepMaven\org\apache\logging\log4j\log4j-to-slf4j\2.11.2\log4j-to-slf4j-2.11.2.jar;D:\Java_work\maven_work\RepMaven\org\apache\logging\log4j\log4j-api\2.11.2\log4j-api-2.11.2.jar;D:\Java_work\maven_work\RepMaven\org\slf4j\jul-to-slf4j\1.7.28\jul-to-slf4j-1.7.28.jar;D:\Java_work\maven_work\RepMaven\javax\annotation\javax.annotation-api\1.3.2\javax.annotation-api-1.3.2.jar;D:\Java_work\maven_work\RepMaven\org\yaml\snakeyaml\1.23\snakeyaml-1.23.jar;D:\Java_work\maven_work\RepMaven\org\springframework\spring-aop\5.1.9.RELEASE\spring-aop-5.1.9.RELEASE.jar;D:\Java_work\maven_work\RepMaven\org\springframework\spring-beans\5.1.9.RELEASE\spring-beans-5.1.9.RELEASE.jar;D:\Java_work\maven_work\RepMaven\org\aspectj\aspectjweaver\1.9.4\aspectjweaver-1.9.4.jar;D:\Java_work\maven_work\RepMaven\org\springframework\boot\spring-boot-starter-jdbc\2.1.8.RELEASE\spring-boot-starter-jdbc-2.1.8.RELEASE.jar;D:\Java_work\maven_work\RepMaven\com\zaxxer\HikariCP\3.2.0\HikariCP-3.2.0.jar;D:\Java_work\maven_work\RepMaven\org\springframework\spring-jdbc\5.1.9.RELEASE\spring-jdbc-5.1.9.RELEASE.jar;D:\Java_work\maven_work\RepMaven\org\springframework\spring-tx\5.1.9.RELEASE\spring-tx-5.1.9.RELEASE.jar;D:\Java_work\maven_work\RepMaven\org\springframework\boot\spring-boot-starter-thymeleaf\2.1.8.RELEASE\spring-boot-starter-thymeleaf-2.1.8.RELEASE.jar;D:\Java_work\maven_work\RepMaven\org\thymeleaf\thymeleaf-spring5\3.0.11.RELEASE\thymeleaf-spring5-3.0.11.RELEASE.jar;D:\Java_work\maven_work\RepMaven\org\thymeleaf\thymeleaf\3.0.11.RELEASE\thymeleaf-3.0.11.RELEASE.jar;D:\Java_work\maven_work\RepMaven\org\attoparser\attoparser\2.0.5.RELEASE\attoparser-2.0.5.RELEASE.jar;D:\Java_work\maven_work\RepMaven\org\unbescape\unbescape\1.1.6.RELEASE\unbescape-1.1.6.RELEASE.jar;D:\Java_work\maven_work\RepMaven\org\thymeleaf\extras\thymeleaf-extras-java8time\3.0.4.RELEASE\thymeleaf-extras-java8time-3.0.4.RELEASE.jar;D:\Java_work\maven_work\RepMaven\org\springframework\boot\spring-boot-starter-web\2.1.8.RELEASE\spring-boot-starter-web-2.1.8.RELEASE.jar;D:\Java_work\maven_work\RepMaven\org\springframework\boot\spring-boot-starter-json\2.1.8.RELEASE\spring-boot-starter-json-2.1.8.RELEASE.jar;D:\Java_work\maven_work\RepMaven\com\fasterxml\jackson\core\jackson-databind\2.9.9.3\jackson-databind-2.9.9.3.jar;D:\Java_work\maven_work\RepMaven\com\fasterxml\jackson\core\jackson-annotations\2.9.0\jackson-annotations-2.9.0.jar;D:\Java_work\maven_work\RepMaven\com\fasterxml\jackson\core\jackson-core\2.9.9\jackson-core-2.9.9.jar;D:\Java_work\maven_work\RepMaven\com\fasterxml\jackson\datatype\jackson-datatype-jdk8\2.9.9\jackson-datatype-jdk8-2.9.9.jar;D:\Java_work\maven_work\RepMaven\com\fasterxml\jackson\datatype\jackson-datatype-jsr310\2.9.9\jackson-datatype-jsr310-2.9.9.jar;D:\Java_work\maven_work\RepMaven\com\fasterxml\jackson\module\jackson-module-parameter-names\2.9.9\jackson-module-parameter-names-2.9.9.jar;D:\Java_work\maven_work\RepMaven\org\springframework\boot\spring-boot-starter-tomcat\2.1.8.RELEASE\spring-boot-starter-tomcat-2.1.8.RELEASE.jar;D:\Java_work\maven_work\RepMaven\org\apache\tomcat\embed\tomcat-embed-core\9.0.24\tomcat-embed-core-9.0.24.jar;D:\Java_work\maven_work\RepMaven\org\apache\tomcat\embed\tomcat-embed-el\9.0.24\tomcat-embed-el-9.0.24.jar;D:\Java_work\maven_work\RepMaven\org\apache\tomcat\embed\tomcat-embed-websocket\9.0.24\tomcat-embed-websocket-9.0.24.jar;D:\Java_work\maven_work\RepMaven\org\hibernate\validator\hibernate-validator\6.0.17.Final\hibernate-validator-6.0.17.Final.jar;D:\Java_work\maven_work\RepMaven\javax\validation\validation-api\2.0.1.Final\validation-api-2.0.1.Final.jar;D:\Java_work\maven_work\RepMaven\org\jboss\logging\jboss-logging\3.3.3.Final\jboss-logging-3.3.3.Final.jar;D:\Java_work\maven_work\RepMaven\com\fasterxml\classmate\1.4.0\classmate-1.4.0.jar;D:\Java_work\maven_work\RepMaven\org\springframework\spring-web\5.1.9.RELEASE\spring-web-5.1.9.RELEASE.jar;D:\Java_work\maven_work\RepMaven\org\springframework\spring-webmvc\5.1.9.RELEASE\spring-webmvc-5.1.9.RELEASE.jar;D:\Java_work\maven_work\RepMaven\org\springframework\spring-context\5.1.9.RELEASE\spring-context-5.1.9.RELEASE.jar;D:\Java_work\maven_work\RepMaven\org\springframework\spring-expression\5.1.9.RELEASE\spring-expression-5.1.9.RELEASE.jar;D:\Java_work\maven_work\RepMaven\org\springframework\boot\spring-boot-devtools\2.1.8.RELEASE\spring-boot-devtools-2.1.8.RELEASE.jar;D:\Java_work\maven_work\RepMaven\org\springframework\boot\spring-boot\2.1.8.RELEASE\spring-boot-2.1.8.RELEASE.jar;D:\Java_work\maven_work\RepMaven\org\springframework\boot\spring-boot-autoconfigure\2.1.8.RELEASE\spring-boot-autoconfigure-2.1.8.RELEASE.jar;D:\Java_work\maven_work\RepMaven\mysql\mysql-connector-java\8.0.17\mysql-connector-java-8.0.17.jar;D:\Java_work\maven_work\RepMaven\org\springframework\boot\spring-boot-configuration-processor\2.1.8.RELEASE\spring-boot-configuration-processor-2.1.8.RELEASE.jar;D:\Java_work\maven_work\RepMaven\org\projectlombok\lombok\1.18.8\lombok-1.18.8.jar;D:\Java_work\maven_work\RepMaven\org\springframework\boot\spring-boot-starter-test\2.1.8.RELEASE\spring-boot-starter-test-2.1.8.RELEASE.jar;D:\Java_work\maven_work\RepMaven\org\springframework\boot\spring-boot-test\2.1.8.RELEASE\spring-boot-test-2.1.8.RELEASE.jar;D:\Java_work\maven_work\RepMaven\org\springframework\boot\spring-boot-test-autoconfigure\2.1.8.RELEASE\spring-boot-test-autoconfigure-2.1.8.RELEASE.jar;D:\Java_work\maven_work\RepMaven\com\jayway\jsonpath\json-path\2.4.0\json-path-2.4.0.jar;D:\Java_work\maven_work\RepMaven\net\minidev\json-smart\2.3\json-smart-2.3.jar;D:\Java_work\maven_work\RepMaven\net\minidev\accessors-smart\1.2\accessors-smart-1.2.jar;D:\Java_work\maven_work\RepMaven\org\ow2\asm\asm\5.0.4\asm-5.0.4.jar;D:\Java_work\maven_work\RepMaven\junit\junit\4.12\junit-4.12.jar;D:\Java_work\maven_work\RepMaven\org\assertj\assertj-core\3.11.1\assertj-core-3.11.1.jar;D:\Java_work\maven_work\RepMaven\org\mockito\mockito-core\2.23.4\mockito-core-2.23.4.jar;D:\Java_work\maven_work\RepMaven\net\bytebuddy\byte-buddy\1.9.16\byte-buddy-1.9.16.jar;D:\Java_work\maven_work\RepMaven\net\bytebuddy\byte-buddy-agent\1.9.16\byte-buddy-agent-1.9.16.jar;D:\Java_work\maven_work\RepMaven\org\objenesis\objenesis\2.6\objenesis-2.6.jar;D:\Java_work\maven_work\RepMaven\org\hamcrest\hamcrest-core\1.3\hamcrest-core-1.3.jar;D:\Java_work\maven_work\RepMaven\org\hamcrest\hamcrest-library\1.3\hamcrest-library-1.3.jar;D:\Java_work\maven_work\RepMaven\org\skyscreamer\jsonassert\1.5.0\jsonassert-1.5.0.jar;D:\Java_work\maven_work\RepMaven\com\vaadin\external\google\android-json\0.0.20131108.vaadin1\android-json-0.0.20131108.vaadin1.jar;D:\Java_work\maven_work\RepMaven\org\springframework\spring-core\5.1.9.RELEASE\spring-core-5.1.9.RELEASE.jar;D:\Java_work\maven_work\RepMaven\org\springframework\spring-jcl\5.1.9.RELEASE\spring-jcl-5.1.9.RELEASE.jar;D:\Java_work\maven_work\RepMaven\org\springframework\spring-test\5.1.9.RELEASE\spring-test-5.1.9.RELEASE.jar;D:\Java_work\maven_work\RepMaven\org\xmlunit\xmlunit-core\2.6.3\xmlunit-core-2.6.3.jar;D:\Java_work\maven_work\RepMaven\com\baomidou\mybatis-plus-boot-starter\3.2.0\mybatis-plus-boot-starter-3.2.0.jar;D:\Java_work\maven_work\RepMaven\com\baomidou\mybatis-plus\3.2.0\mybatis-plus-3.2.0.jar;D:\Java_work\maven_work\RepMaven\com\baomidou\mybatis-plus-extension\3.2.0\mybatis-plus-extension-3.2.0.jar;D:\Java_work\maven_work\RepMaven\com\baomidou\mybatis-plus-core\3.2.0\mybatis-plus-core-3.2.0.jar;D:\Java_work\maven_work\RepMaven\com\baomidou\mybatis-plus-annotation\3.2.0\mybatis-plus-annotation-3.2.0.jar;D:\Java_work\maven_work\RepMaven\com\github\jsqlparser\jsqlparser\2.1\jsqlparser-2.1.jar;D:\Java_work\maven_work\RepMaven\org\mybatis\mybatis\3.5.2\mybatis-3.5.2.jar;D:\Java_work\maven_work\RepMaven\org\mybatis\mybatis-spring\2.0.2\mybatis-spring-2.0.2.jar;D:\Java_work\maven_work\RepMaven\org\apache\shiro\shiro-spring\1.4.1\shiro-spring-1.4.1.jar;D:\Java_work\maven_work\RepMaven\org\apache\shiro\shiro-core\1.4.1\shiro-core-1.4.1.jar;D:\Java_work\maven_work\RepMaven\org\apache\shiro\shiro-lang\1.4.1\shiro-lang-1.4.1.jar;D:\Java_work\maven_work\RepMaven\org\apache\shiro\shiro-cache\1.4.1\shiro-cache-1.4.1.jar;D:\Java_work\maven_work\RepMaven\org\apache\shiro\shiro-crypto-hash\1.4.1\shiro-crypto-hash-1.4.1.jar;D:\Java_work\maven_work\RepMaven\org\apache\shiro\shiro-crypto-core\1.4.1\shiro-crypto-core-1.4.1.jar;D:\Java_work\maven_work\RepMaven\org\apache\shiro\shiro-crypto-cipher\1.4.1\shiro-crypto-cipher-1.4.1.jar;D:\Java_work\maven_work\RepMaven\org\apache\shiro\shiro-config-core\1.4.1\shiro-config-core-1.4.1.jar;D:\Java_work\maven_work\RepMaven\org\apache\shiro\shiro-config-ogdl\1.4.1\shiro-config-ogdl-1.4.1.jar;D:\Java_work\maven_work\RepMaven\commons-beanutils\commons-beanutils\1.9.3\commons-beanutils-1.9.3.jar;D:\Java_work\maven_work\RepMaven\commons-collections\commons-collections\3.2.2\commons-collections-3.2.2.jar;D:\Java_work\maven_work\RepMaven\org\apache\shiro\shiro-event\1.4.1\shiro-event-1.4.1.jar;D:\Java_work\maven_work\RepMaven\org\apache\shiro\shiro-web\1.4.1\shiro-web-1.4.1.jar;D:\Java_work\maven_work\RepMaven\com\github\theborakompanioni\thymeleaf-extras-shiro\2.0.0\thymeleaf-extras-shiro-2.0.0.jar;D:\Java_work\maven_work\RepMaven\com\alibaba\druid-spring-boot-starter\1.1.18\druid-spring-boot-starter-1.1.18.jar;D:\Java_work\maven_work\RepMaven\com\alibaba\druid\1.1.18\druid-1.1.18.jar;D:\Java_work\maven_work\RepMaven\org\slf4j\slf4j-api\1.7.28\slf4j-api-1.7.28.jar;D:\Java_work\maven_work\RepMaven\log4j\log4j\1.2.17\log4j-1.2.17.jar;D:\Java_work\maven_work\RepMaven\cn\hutool\hutool-all\4.6.6\hutool-all-4.6.6.jar;D:\Java_work\maven_work\RepMaven\org\apache\commons\commons-lang3\3.8.1\commons-lang3-3.8.1.jar;D:\Java_work\maven_work\RepMaven\com\belerweb\pinyin4j\2.5.1\pinyin4j-2.5.1.jar;"/>
    <property name="java.vm.vendor" value="Oracle Corporation"/>
    <property name="sun.arch.data.model" value="64"/>
    <property name="user.variant" value=""/>
    <property name="java.vendor.url" value="http://java.oracle.com/"/>
    <property name="user.timezone" value="Asia/Shanghai"/>
    <property name="java.vm.specification.version" value="1.8"/>
    <property name="os.name" value="Windows 10"/>
    <property name="user.country" value="CN"/>
    <property name="sun.java.launcher" value="SUN_STANDARD"/>
    <property name="sun.boot.library.path" value="C:\Program Files\Java\jdk1.8.0_221\jre\bin"/>
    <property name="sun.java.command" value="C:\Users\宋耀文\AppData\Local\Temp\surefire7047020552361824342\surefirebooter3657305314133194960.jar C:\Users\宋耀文\AppData\Local\Temp\surefire7047020552361824342 2021-03-28T14-28-14_355-jvmRun1 surefire2038789649353011834tmp surefire_04670144099584445288tmp"/>
    <property name="surefire.test.class.path" value="D:\IdeaProjects\springboot-cangku\target\test-classes;D:\IdeaProjects\springboot-cangku\target\classes;D:\Java_work\maven_work\RepMaven\org\springframework\boot\spring-boot-starter-aop\2.1.8.RELEASE\spring-boot-starter-aop-2.1.8.RELEASE.jar;D:\Java_work\maven_work\RepMaven\org\springframework\boot\spring-boot-starter\2.1.8.RELEASE\spring-boot-starter-2.1.8.RELEASE.jar;D:\Java_work\maven_work\RepMaven\org\springframework\boot\spring-boot-starter-logging\2.1.8.RELEASE\spring-boot-starter-logging-2.1.8.RELEASE.jar;D:\Java_work\maven_work\RepMaven\ch\qos\logback\logback-classic\1.2.3\logback-classic-1.2.3.jar;D:\Java_work\maven_work\RepMaven\ch\qos\logback\logback-core\1.2.3\logback-core-1.2.3.jar;D:\Java_work\maven_work\RepMaven\org\apache\logging\log4j\log4j-to-slf4j\2.11.2\log4j-to-slf4j-2.11.2.jar;D:\Java_work\maven_work\RepMaven\org\apache\logging\log4j\log4j-api\2.11.2\log4j-api-2.11.2.jar;D:\Java_work\maven_work\RepMaven\org\slf4j\jul-to-slf4j\1.7.28\jul-to-slf4j-1.7.28.jar;D:\Java_work\maven_work\RepMaven\javax\annotation\javax.annotation-api\1.3.2\javax.annotation-api-1.3.2.jar;D:\Java_work\maven_work\RepMaven\org\yaml\snakeyaml\1.23\snakeyaml-1.23.jar;D:\Java_work\maven_work\RepMaven\org\springframework\spring-aop\5.1.9.RELEASE\spring-aop-5.1.9.RELEASE.jar;D:\Java_work\maven_work\RepMaven\org\springframework\spring-beans\5.1.9.RELEASE\spring-beans-5.1.9.RELEASE.jar;D:\Java_work\maven_work\RepMaven\org\aspectj\aspectjweaver\1.9.4\aspectjweaver-1.9.4.jar;D:\Java_work\maven_work\RepMaven\org\springframework\boot\spring-boot-starter-jdbc\2.1.8.RELEASE\spring-boot-starter-jdbc-2.1.8.RELEASE.jar;D:\Java_work\maven_work\RepMaven\com\zaxxer\HikariCP\3.2.0\HikariCP-3.2.0.jar;D:\Java_work\maven_work\RepMaven\org\springframework\spring-jdbc\5.1.9.RELEASE\spring-jdbc-5.1.9.RELEASE.jar;D:\Java_work\maven_work\RepMaven\org\springframework\spring-tx\5.1.9.RELEASE\spring-tx-5.1.9.RELEASE.jar;D:\Java_work\maven_work\RepMaven\org\springframework\boot\spring-boot-starter-thymeleaf\2.1.8.RELEASE\spring-boot-starter-thymeleaf-2.1.8.RELEASE.jar;D:\Java_work\maven_work\RepMaven\org\thymeleaf\thymeleaf-spring5\3.0.11.RELEASE\thymeleaf-spring5-3.0.11.RELEASE.jar;D:\Java_work\maven_work\RepMaven\org\thymeleaf\thymeleaf\3.0.11.RELEASE\thymeleaf-3.0.11.RELEASE.jar;D:\Java_work\maven_work\RepMaven\org\attoparser\attoparser\2.0.5.RELEASE\attoparser-2.0.5.RELEASE.jar;D:\Java_work\maven_work\RepMaven\org\unbescape\unbescape\1.1.6.RELEASE\unbescape-1.1.6.RELEASE.jar;D:\Java_work\maven_work\RepMaven\org\thymeleaf\extras\thymeleaf-extras-java8time\3.0.4.RELEASE\thymeleaf-extras-java8time-3.0.4.RELEASE.jar;D:\Java_work\maven_work\RepMaven\org\springframework\boot\spring-boot-starter-web\2.1.8.RELEASE\spring-boot-starter-web-2.1.8.RELEASE.jar;D:\Java_work\maven_work\RepMaven\org\springframework\boot\spring-boot-starter-json\2.1.8.RELEASE\spring-boot-starter-json-2.1.8.RELEASE.jar;D:\Java_work\maven_work\RepMaven\com\fasterxml\jackson\core\jackson-databind\2.9.9.3\jackson-databind-2.9.9.3.jar;D:\Java_work\maven_work\RepMaven\com\fasterxml\jackson\core\jackson-annotations\2.9.0\jackson-annotations-2.9.0.jar;D:\Java_work\maven_work\RepMaven\com\fasterxml\jackson\core\jackson-core\2.9.9\jackson-core-2.9.9.jar;D:\Java_work\maven_work\RepMaven\com\fasterxml\jackson\datatype\jackson-datatype-jdk8\2.9.9\jackson-datatype-jdk8-2.9.9.jar;D:\Java_work\maven_work\RepMaven\com\fasterxml\jackson\datatype\jackson-datatype-jsr310\2.9.9\jackson-datatype-jsr310-2.9.9.jar;D:\Java_work\maven_work\RepMaven\com\fasterxml\jackson\module\jackson-module-parameter-names\2.9.9\jackson-module-parameter-names-2.9.9.jar;D:\Java_work\maven_work\RepMaven\org\springframework\boot\spring-boot-starter-tomcat\2.1.8.RELEASE\spring-boot-starter-tomcat-2.1.8.RELEASE.jar;D:\Java_work\maven_work\RepMaven\org\apache\tomcat\embed\tomcat-embed-core\9.0.24\tomcat-embed-core-9.0.24.jar;D:\Java_work\maven_work\RepMaven\org\apache\tomcat\embed\tomcat-embed-el\9.0.24\tomcat-embed-el-9.0.24.jar;D:\Java_work\maven_work\RepMaven\org\apache\tomcat\embed\tomcat-embed-websocket\9.0.24\tomcat-embed-websocket-9.0.24.jar;D:\Java_work\maven_work\RepMaven\org\hibernate\validator\hibernate-validator\6.0.17.Final\hibernate-validator-6.0.17.Final.jar;D:\Java_work\maven_work\RepMaven\javax\validation\validation-api\2.0.1.Final\validation-api-2.0.1.Final.jar;D:\Java_work\maven_work\RepMaven\org\jboss\logging\jboss-logging\3.3.3.Final\jboss-logging-3.3.3.Final.jar;D:\Java_work\maven_work\RepMaven\com\fasterxml\classmate\1.4.0\classmate-1.4.0.jar;D:\Java_work\maven_work\RepMaven\org\springframework\spring-web\5.1.9.RELEASE\spring-web-5.1.9.RELEASE.jar;D:\Java_work\maven_work\RepMaven\org\springframework\spring-webmvc\5.1.9.RELEASE\spring-webmvc-5.1.9.RELEASE.jar;D:\Java_work\maven_work\RepMaven\org\springframework\spring-context\5.1.9.RELEASE\spring-context-5.1.9.RELEASE.jar;D:\Java_work\maven_work\RepMaven\org\springframework\spring-expression\5.1.9.RELEASE\spring-expression-5.1.9.RELEASE.jar;D:\Java_work\maven_work\RepMaven\org\springframework\boot\spring-boot-devtools\2.1.8.RELEASE\spring-boot-devtools-2.1.8.RELEASE.jar;D:\Java_work\maven_work\RepMaven\org\springframework\boot\spring-boot\2.1.8.RELEASE\spring-boot-2.1.8.RELEASE.jar;D:\Java_work\maven_work\RepMaven\org\springframework\boot\spring-boot-autoconfigure\2.1.8.RELEASE\spring-boot-autoconfigure-2.1.8.RELEASE.jar;D:\Java_work\maven_work\RepMaven\mysql\mysql-connector-java\8.0.17\mysql-connector-java-8.0.17.jar;D:\Java_work\maven_work\RepMaven\org\springframework\boot\spring-boot-configuration-processor\2.1.8.RELEASE\spring-boot-configuration-processor-2.1.8.RELEASE.jar;D:\Java_work\maven_work\RepMaven\org\projectlombok\lombok\1.18.8\lombok-1.18.8.jar;D:\Java_work\maven_work\RepMaven\org\springframework\boot\spring-boot-starter-test\2.1.8.RELEASE\spring-boot-starter-test-2.1.8.RELEASE.jar;D:\Java_work\maven_work\RepMaven\org\springframework\boot\spring-boot-test\2.1.8.RELEASE\spring-boot-test-2.1.8.RELEASE.jar;D:\Java_work\maven_work\RepMaven\org\springframework\boot\spring-boot-test-autoconfigure\2.1.8.RELEASE\spring-boot-test-autoconfigure-2.1.8.RELEASE.jar;D:\Java_work\maven_work\RepMaven\com\jayway\jsonpath\json-path\2.4.0\json-path-2.4.0.jar;D:\Java_work\maven_work\RepMaven\net\minidev\json-smart\2.3\json-smart-2.3.jar;D:\Java_work\maven_work\RepMaven\net\minidev\accessors-smart\1.2\accessors-smart-1.2.jar;D:\Java_work\maven_work\RepMaven\org\ow2\asm\asm\5.0.4\asm-5.0.4.jar;D:\Java_work\maven_work\RepMaven\junit\junit\4.12\junit-4.12.jar;D:\Java_work\maven_work\RepMaven\org\assertj\assertj-core\3.11.1\assertj-core-3.11.1.jar;D:\Java_work\maven_work\RepMaven\org\mockito\mockito-core\2.23.4\mockito-core-2.23.4.jar;D:\Java_work\maven_work\RepMaven\net\bytebuddy\byte-buddy\1.9.16\byte-buddy-1.9.16.jar;D:\Java_work\maven_work\RepMaven\net\bytebuddy\byte-buddy-agent\1.9.16\byte-buddy-agent-1.9.16.jar;D:\Java_work\maven_work\RepMaven\org\objenesis\objenesis\2.6\objenesis-2.6.jar;D:\Java_work\maven_work\RepMaven\org\hamcrest\hamcrest-core\1.3\hamcrest-core-1.3.jar;D:\Java_work\maven_work\RepMaven\org\hamcrest\hamcrest-library\1.3\hamcrest-library-1.3.jar;D:\Java_work\maven_work\RepMaven\org\skyscreamer\jsonassert\1.5.0\jsonassert-1.5.0.jar;D:\Java_work\maven_work\RepMaven\com\vaadin\external\google\android-json\0.0.20131108.vaadin1\android-json-0.0.20131108.vaadin1.jar;D:\Java_work\maven_work\RepMaven\org\springframework\spring-core\5.1.9.RELEASE\spring-core-5.1.9.RELEASE.jar;D:\Java_work\maven_work\RepMaven\org\springframework\spring-jcl\5.1.9.RELEASE\spring-jcl-5.1.9.RELEASE.jar;D:\Java_work\maven_work\RepMaven\org\springframework\spring-test\5.1.9.RELEASE\spring-test-5.1.9.RELEASE.jar;D:\Java_work\maven_work\RepMaven\org\xmlunit\xmlunit-core\2.6.3\xmlunit-core-2.6.3.jar;D:\Java_work\maven_work\RepMaven\com\baomidou\mybatis-plus-boot-starter\3.2.0\mybatis-plus-boot-starter-3.2.0.jar;D:\Java_work\maven_work\RepMaven\com\baomidou\mybatis-plus\3.2.0\mybatis-plus-3.2.0.jar;D:\Java_work\maven_work\RepMaven\com\baomidou\mybatis-plus-extension\3.2.0\mybatis-plus-extension-3.2.0.jar;D:\Java_work\maven_work\RepMaven\com\baomidou\mybatis-plus-core\3.2.0\mybatis-plus-core-3.2.0.jar;D:\Java_work\maven_work\RepMaven\com\baomidou\mybatis-plus-annotation\3.2.0\mybatis-plus-annotation-3.2.0.jar;D:\Java_work\maven_work\RepMaven\com\github\jsqlparser\jsqlparser\2.1\jsqlparser-2.1.jar;D:\Java_work\maven_work\RepMaven\org\mybatis\mybatis\3.5.2\mybatis-3.5.2.jar;D:\Java_work\maven_work\RepMaven\org\mybatis\mybatis-spring\2.0.2\mybatis-spring-2.0.2.jar;D:\Java_work\maven_work\RepMaven\org\apache\shiro\shiro-spring\1.4.1\shiro-spring-1.4.1.jar;D:\Java_work\maven_work\RepMaven\org\apache\shiro\shiro-core\1.4.1\shiro-core-1.4.1.jar;D:\Java_work\maven_work\RepMaven\org\apache\shiro\shiro-lang\1.4.1\shiro-lang-1.4.1.jar;D:\Java_work\maven_work\RepMaven\org\apache\shiro\shiro-cache\1.4.1\shiro-cache-1.4.1.jar;D:\Java_work\maven_work\RepMaven\org\apache\shiro\shiro-crypto-hash\1.4.1\shiro-crypto-hash-1.4.1.jar;D:\Java_work\maven_work\RepMaven\org\apache\shiro\shiro-crypto-core\1.4.1\shiro-crypto-core-1.4.1.jar;D:\Java_work\maven_work\RepMaven\org\apache\shiro\shiro-crypto-cipher\1.4.1\shiro-crypto-cipher-1.4.1.jar;D:\Java_work\maven_work\RepMaven\org\apache\shiro\shiro-config-core\1.4.1\shiro-config-core-1.4.1.jar;D:\Java_work\maven_work\RepMaven\org\apache\shiro\shiro-config-ogdl\1.4.1\shiro-config-ogdl-1.4.1.jar;D:\Java_work\maven_work\RepMaven\commons-beanutils\commons-beanutils\1.9.3\commons-beanutils-1.9.3.jar;D:\Java_work\maven_work\RepMaven\commons-collections\commons-collections\3.2.2\commons-collections-3.2.2.jar;D:\Java_work\maven_work\RepMaven\org\apache\shiro\shiro-event\1.4.1\shiro-event-1.4.1.jar;D:\Java_work\maven_work\RepMaven\org\apache\shiro\shiro-web\1.4.1\shiro-web-1.4.1.jar;D:\Java_work\maven_work\RepMaven\com\github\theborakompanioni\thymeleaf-extras-shiro\2.0.0\thymeleaf-extras-shiro-2.0.0.jar;D:\Java_work\maven_work\RepMaven\com\alibaba\druid-spring-boot-starter\1.1.18\druid-spring-boot-starter-1.1.18.jar;D:\Java_work\maven_work\RepMaven\com\alibaba\druid\1.1.18\druid-1.1.18.jar;D:\Java_work\maven_work\RepMaven\org\slf4j\slf4j-api\1.7.28\slf4j-api-1.7.28.jar;D:\Java_work\maven_work\RepMaven\log4j\log4j\1.2.17\log4j-1.2.17.jar;D:\Java_work\maven_work\RepMaven\cn\hutool\hutool-all\4.6.6\hutool-all-4.6.6.jar;D:\Java_work\maven_work\RepMaven\org\apache\commons\commons-lang3\3.8.1\commons-lang3-3.8.1.jar;D:\Java_work\maven_work\RepMaven\com\belerweb\pinyin4j\2.5.1\pinyin4j-2.5.1.jar;"/>
    <property name="sun.cpu.endian" value="little"/>
    <property name="user.home" value="C:\Users\宋耀文"/>
    <property name="user.language" value="zh"/>
    <property name="java.specification.vendor" value="Oracle Corporation"/>
    <property name="java.home" value="C:\Program Files\Java\jdk1.8.0_221\jre"/>
    <property name="basedir" value="D:\IdeaProjects\springboot-cangku"/>
    <property name="file.separator" value="\"/>
    <property name="line.separator" value="&#10;"/>
    <property name="java.vm.specification.vendor" value="Oracle Corporation"/>
    <property name="java.specification.name" value="Java Platform API Specification"/>
    <property name="java.awt.graphicsenv" value="sun.awt.Win32GraphicsEnvironment"/>
    <property name="surefire.real.class.path" value="C:\Users\宋耀文\AppData\Local\Temp\surefire7047020552361824342\surefirebooter3657305314133194960.jar"/>
    <property name="sun.boot.class.path" value="C:\Program Files\Java\jdk1.8.0_221\jre\lib\resources.jar;C:\Program Files\Java\jdk1.8.0_221\jre\lib\rt.jar;C:\Program Files\Java\jdk1.8.0_221\jre\lib\sunrsasign.jar;C:\Program Files\Java\jdk1.8.0_221\jre\lib\jsse.jar;C:\Program Files\Java\jdk1.8.0_221\jre\lib\jce.jar;C:\Program Files\Java\jdk1.8.0_221\jre\lib\charsets.jar;C:\Program Files\Java\jdk1.8.0_221\jre\lib\jfr.jar;C:\Program Files\Java\jdk1.8.0_221\jre\classes"/>
    <property name="user.script" value=""/>
    <property name="sun.management.compiler" value="HotSpot 64-Bit Tiered Compilers"/>
    <property name="java.runtime.version" value="1.8.0_221-b11"/>
    <property name="user.name" value="宋耀文"/>
    <property name="path.separator" value=";"/>
    <property name="os.version" value="10.0"/>
    <property name="java.endorsed.dirs" value="C:\Program Files\Java\jdk1.8.0_221\jre\lib\endorsed"/>
    <property name="java.runtime.name" value="Java(TM) SE Runtime Environment"/>
    <property name="file.encoding" value="GBK"/>
    <property name="java.vm.name" value="Java HotSpot(TM) 64-Bit Server VM"/>
    <property name="idea.version2020.1" value="true"/>
    <property name="localRepository" value="D:\Java_work\maven_work\RepMaven"/>
    <property name="java.vendor.url.bug" value="http://bugreport.sun.com/bugreport/"/>
    <property name="java.io.tmpdir" value="C:\Users\宋耀文\AppData\Local\Temp\"/>
    <property name="java.version" value="1.8.0_221"/>
    <property name="user.dir" value="D:\IdeaProjects\springboot-cangku"/>
    <property name="os.arch" value="amd64"/>
    <property name="java.vm.specification.name" value="Java Virtual Machine Specification"/>
    <property name="java.awt.printerjob" value="sun.awt.windows.WPrinterJob"/>
    <property name="sun.os.patch.level" value=""/>
    <property name="java.library.path" value="C:\Program Files\Java\jdk1.8.0_221\jre\bin;C:\WINDOWS\Sun\Java\bin;C:\WINDOWS\system32;C:\WINDOWS;C:\Program Files (x86)\Common Files\Oracle\Java\javapath;C:\WINDOWS\system32;C:\WINDOWS;C:\WINDOWS\System32\Wbem;C:\WINDOWS\System32\WindowsPowerShell\v1.0\;C:\WINDOWS\System32\OpenSSH\;C:\Program Files\Java\jdk1.8.0_221\bin;C:\Program Files (x86)\NVIDIA Corporation\PhysX\Common;C:\Program Files\NVIDIA Corporation\NVIDIA NvDLISR;D:\Program Files\MySQL\MySQL Server 5.5\bin;D:\Java_work\maven_work\apache-maven-3.3.9\bin;D:\Program Files (x86)\NetSarang\Xshell 7\;D:\Program Files (x86)\NetSarang\Xftp 7\;C:\Users\宋耀文\AppData\Local\Microsoft\WindowsApps;;."/>
    <property name="java.vm.info" value="mixed mode"/>
    <property name="java.vendor" value="Oracle Corporation"/>
    <property name="java.vm.version" value="25.221-b11"/>
    <property name="java.ext.dirs" value="C:\Program Files\Java\jdk1.8.0_221\jre\lib\ext;C:\WINDOWS\Sun\Java\lib\ext"/>
    <property name="sun.io.unicode.encoding" value="UnicodeLittle"/>
    <property name="maven.repo.local" value="D:\Java_work\maven_work\RepMaven"/>
    <property name="java.class.version" value="52.0"/>
  </properties>
  <testcase name="initializationError" classname="com.sxt.SpringbootCangkuApplicationTests" time="0.005">
    <error message="The class com.sxt.SpringbootCangkuApplicationTests is not public." type="java.lang.Exception">java.lang.Exception: The class com.sxt.SpringbootCangkuApplicationTests is not public.
</error>
  </testcase>
  <testcase name="initializationError" classname="com.sxt.SpringbootCangkuApplicationTests" time="0">
    <error message="Test class should have exactly one public constructor" type="java.lang.Exception">java.lang.Exception: Test class should have exactly one public constructor
</error>
  </testcase>
  <testcase name="initializationError" classname="com.sxt.SpringbootCangkuApplicationTests" time="0">
    <error message="Method contextLoads() should be public" type="java.lang.Exception">java.lang.Exception: Method contextLoads() should be public
</error>
  </testcase>
</testsuite>